
=== GOOGLE SHEETS SUCCESS ===
Timestamp: 2025-10-14 18:04:06
Kegiatan: Ngaji Jumat (Arba&#039;in an-Nawawi)
Kelompok: putra
Rows Added: 4
Cells Updated: 28
Data: [["2025-10-14 18:04:04","P005","Fadhil Nurdin Santoso","Ngaji Jumat (Arba&#039;in an-Nawawi)","Alfa","","2025-10-14"],["2025-10-14 18:04:04","P008","Dani Setiawan Putra","Ngaji Jumat (Arba&#039;in an-Nawawi)","Alfa","","2025-10-14"],["2025-10-14 18:04:04","P009","Rofiq Abdillah","Ngaji Jumat (Arba&#039;in an-Nawawi)","Alfa","","2025-10-14"],["2025-10-14 18:04:04","P010","Hafidz Imam Syafi&#039;i","Ngaji Jumat (Arba&#039;in an-Nawawi)","Sakit","","2025-10-14"]]
========================================

=== GOOGLE SHEETS SUCCESS ===
Timestamp: 2025-10-15 01:14:06
Kegiatan: Ngaji Selasa (Bidayatul Hidayah)
Kelompok: putra
Rows Added: 4
Method: Simple cURL
Data: [["2025-10-15 01:14:04","P002","Ahmad Fauzi Rahman","Ngaji Selasa (Bidayatul Hidayah)","Sakit","","2025-10-15"],["2025-10-15 01:14:04","P003","Muhammad Ridho Pratama","Ngaji Selasa (Bidayatul Hidayah)","Sakit","","2025-10-15"],["2025-10-15 01:14:04","P004","Abdul Aziz Hakim","Ngaji Selasa (Bidayatul Hidayah)","Izin","","2025-10-15"],["2025-10-15 01:14:04","P005","Fadhil Nurdin Santoso","Ngaji Selasa (Bidayatul Hidayah)","Izin","","2025-10-15"]]
========================================

=== GOOGLE SHEETS SUCCESS ===
Timestamp: 2025-10-15 01:14:56
Kegiatan: Ngaji Rabu (Lubbul Ushul)
Kelompok: putra
Rows Added: 3
Method: Simple cURL
Data: [["2025-10-15 01:14:54","P003","Muhammad Ridho Pratama","Ngaji Rabu (Lubbul Ushul)","Alfa","","2025-10-15"],["2025-10-15 01:14:54","P004","Abdul Aziz Hakim","Ngaji Rabu (Lubbul Ushul)","Alfa","","2025-10-15"],["2025-10-15 01:14:54","P010","Hafidz Imam Syafi&#039;i","Ngaji Rabu (Lubbul Ushul)","Izin","","2025-10-15"]]
========================================
